[2016-01-17 21:07:32] local.ERROR: exception 'InvalidArgumentException' with message 'View [errors.500] not found.' in /var/www/gitrepo/seathero_newui/vendor/laravel/framework/src/Illuminate/View/FileViewFinder.php:137
Stack trace:
#0 /var/www/gitrepo/seathero_newui/vendor/laravel/framework/src/Illuminate/View/FileViewFinder.php(79): Illuminate\View\FileViewFinder->findInPaths('errors.500', Array)
#1 /var/www/gitrepo/seathero_newui/vendor/laravel/framework/src/Illuminate/View/Factory.php(151): Illuminate\View\FileViewFinder->find('errors.500')
#2 /var/www/gitrepo/seathero_newui/vendor/laravel/framework/src/Illuminate/Routing/ResponseFactory.php(71): Illuminate\View\Factory->make('errors.500', Array)
#3 /var/www/gitrepo/seathero_newui/app/Exceptions/Handler.php(79): Illuminate\Routing\ResponseFactory->view('errors.500', Array, 500)
#4 /var/www/gitrepo/seathero_newui/vendor/laravel/framework/src/Illuminate/Routing/Pipeline.php(80): App\Exceptions\Handler->render(Object(Illuminate\Http\Request), Object(Illuminate\Foundation\Validation\ValidationException))
#5 /var/www/gitrepo/seathero_newui/vendor/laravel/framework/src/Illuminate/Routing/Pipeline.php(54): Illuminate\Routing\Pipeline->handleException(Object(Illuminate\Http\Request), Object(Illuminate\Foundation\Validation\ValidationException))
#6 /var/www/gitrepo/seathero_newui/app/Http/Middleware/RedirectIfAuthenticated.php(24): Illuminate\Routing\Pipeline->Illuminate\Routing\{closure}(Object(Illuminate\Http\Request))
#7 [internal function]: App\Http\Middleware\RedirectIfAuthenticated->handle(Object(Illuminate\Http\Request), Object(Closure))
#8 /var/www/gitrepo/seathero_newui/vendor/laravel/framework/src/Illuminate/Pipeline/Pipeline.php(124): call_user_func_array(Array, Array)
#9 [internal function]: Illuminate\Pipeline\Pipeline->Illuminate\Pipeline\{closure}(Object(Illuminate\Http\Request))
#10 /var/www/gitrepo/seathero_newui/vendor/laravel/framework/src/Illuminate/Routing/Pipeline.php(32): call_user_func(Object(Closure), Object(Illuminate\Http\Request))
#11 [internal function]: Illuminate\Routing\Pipeline->Illuminate\Routing\{closure}(Object(Illuminate\Http\Request))
#12 /var/www/gitrepo/seathero_newui/vendor/laravel/framework/src/Illuminate/Pipeline/Pipeline.php(103): call_user_func(Object(Closure), Object(Illuminate\Http\Request))
#13 /var/www/gitrepo/seathero_newui/vendor/laravel/framework/src/Illuminate/Routing/ControllerDispatcher.php(96): Illuminate\Pipeline\Pipeline->then(Object(Closure))
#14 /var/www/gitrepo/seathero_newui/vendor/laravel/framework/src/Illuminate/Routing/ControllerDispatcher.php(54): Illuminate\Routing\ControllerDispatcher->callWithinStack(Object(App\Http\Controllers\Auth\AuthController), Object(Illuminate\Routing\Route), Object(Illuminate\Http\Request), 'postRegister')
#15 /var/www/gitrepo/seathero_newui/vendor/laravel/framework/src/Illuminate/Routing/Route.php(174): Illuminate\Routing\ControllerDispatcher->dispatch(Object(Illuminate\Routing\Route), Object(Illuminate\Http\Request), 'App\\Http\\Contro...', 'postRegister')
#16 /var/www/gitrepo/seathero_newui/vendor/laravel/framework/src/Illuminate/Routing/Route.php(140): Illuminate\Routing\Route->runController(Object(Illuminate\Http\Request))
#17 /var/www/gitrepo/seathero_newui/vendor/laravel/framework/src/Illuminate/Routing/Router.php(703): Illuminate\Routing\Route->run(Object(Illuminate\Http\Request))
#18 [internal function]: Illuminate\Routing\Router->Illuminate\Routing\{closure}(Object(Illuminate\Http\Request))
#19 /var/www/gitrepo/seathero_newui/vendor/laravel/framework/src/Illuminate/Routing/Pipeline.php(52): call_user_func(Object(Closure), Object(Illuminate\Http\Request))
#20 /var/www/gitrepo/seathero_newui/vendor/laravel/framework/src/Illuminate/Foundation/Http/Middleware/VerifyCsrfToken.php(64): Illuminate\Routing\Pipeline->Illuminate\Routing\{closure}(Object(Illuminate\Http\Request))
#21 [internal function]: Illuminate\Foundation\Http\Middleware\VerifyCsrfToken->handle(Object(Illuminate\Http\Request), Object(Closure))
#22 /var/www/gitrepo/seathero_newui/vendor/laravel/framework/src/Illuminate/Pipeline/Pipeline.php(124): call_user_func_array(Array, Array)
#23 [internal function]: Illuminate\Pipeline\Pipeline->Illuminate\Pipeline\{closure}(Object(Illuminate\Http\Request))
#24 /var/www/gitrepo/seathero_newui/vendor/laravel/framework/src/Illuminate/Routing/Pipeline.php(32): call_user_func(Object(Closure), Object(Illuminate\Http\Request))
#25 /var/www/gitrepo/seathero_newui/vendor/laravel/framework/src/Illuminate/View/Middleware/ShareErrorsFromSession.php(49): Illuminate\Routing\Pipeline->Illuminate\Routing\{closure}(Object(Illuminate\Http\Request))
#26 [internal function]: Illuminate\View\Middleware\ShareErrorsFromSession->handle(Object(Illuminate\Http\Request), Object(Closure))
#27 /var/www/gitrepo/seathero_newui/vendor/laravel/framework/src/Illuminate/Pipeline/Pipeline.php(124): call_user_func_array(Array, Array)
#28 [internal function]: Illuminate\Pipeline\Pipeline->Illuminate\Pipeline\{closure}(Object(Illuminate\Http\Request))
#29 /var/www/gitrepo/seathero_newui/vendor/laravel/framework/src/Illuminate/Routing/Pipeline.php(32): call_user_func(Object(Closure), Object(Illuminate\Http\Request))
#30 /var/www/gitrepo/seathero_newui/vendor/laravel/framework/src/Illuminate/Session/Middleware/StartSession.php(62): Illuminate\Routing\Pipeline->Illuminate\Routing\{closure}(Object(Illuminate\Http\Request))
#31 [internal function]: Illuminate\Session\Middleware\StartSession->handle(Object(Illuminate\Http\Request), Object(Closure))
#32 /var/www/gitrepo/seathero_newui/vendor/laravel/framework/src/Illuminate/Pipeline/Pipeline.php(124): call_user_func_array(Array, Array)
#33 [internal function]: Illuminate\Pipeline\Pipeline->Illuminate\Pipeline\{closure}(Object(Illuminate\Http\Request))
#34 /var/www/gitrepo/seathero_newui/vendor/laravel/framework/src/Illuminate/Routing/Pipeline.php(32): call_user_func(Object(Closure), Object(Illuminate\Http\Request))
#35 /var/www/gitrepo/seathero_newui/vendor/laravel/framework/src/Illuminate/Cookie/Middleware/AddQueuedCookiesToResponse.php(37): Illuminate\Routing\Pipeline->Illuminate\Routing\{closure}(Object(Illuminate\Http\Request))
#36 [internal function]: Illuminate\Cookie\Middleware\AddQueuedCookiesToResponse->handle(Object(Illuminate\Http\Request), Object(Closure))
#37 /var/www/gitrepo/seathero_newui/vendor/laravel/framework/src/Illuminate/Pipeline/Pipeline.php(124): call_user_func_array(Array, Array)
#38 [internal function]: Illuminate\Pipeline\Pipeline->Illuminate\Pipeline\{closure}(Object(Illuminate\Http\Request))
#39 /var/www/gitrepo/seathero_newui/vendor/laravel/framework/src/Illuminate/Routing/Pipeline.php(32): call_user_func(Object(Closure), Object(Illuminate\Http\Request))
#40 /var/www/gitrepo/seathero_newui/vendor/laravel/framework/src/Illuminate/Cookie/Middleware/EncryptCookies.php(59): Illuminate\Routing\Pipeline->Illuminate\Routing\{closure}(Object(Illuminate\Http\Request))
#41 [internal function]: Illuminate\Cookie\Middleware\EncryptCookies->handle(Object(Illuminate\Http\Request), Object(Closure))
#42 /var/www/gitrepo/seathero_newui/vendor/laravel/framework/src/Illuminate/Pipeline/Pipeline.php(124): call_user_func_array(Array, Array)
#43 [internal function]: Illuminate\Pipeline\Pipeline->Illuminate\Pipeline\{closure}(Object(Illuminate\Http\Request))
#44 /var/www/gitrepo/seathero_newui/vendor/laravel/framework/src/Illuminate/Routing/Pipeline.php(32): call_user_func(Object(Closure), Object(Illuminate\Http\Request))
#45 [internal function]: Illuminate\Routing\Pipeline->Illuminate\Routing\{closure}(Object(Illuminate\Http\Request))
#46 /var/www/gitrepo/seathero_newui/vendor/laravel/framework/src/Illuminate/Pipeline/Pipeline.php(103): call_user_func(Object(Closure), Object(Illuminate\Http\Request))
#47 /var/www/gitrepo/seathero_newui/vendor/laravel/framework/src/Illuminate/Routing/Router.php(705): Illuminate\Pipeline\Pipeline->then(Object(Closure))
#48 /var/www/gitrepo/seathero_newui/vendor/laravel/framework/src/Illuminate/Routing/Router.php(678): Illuminate\Routing\Router->runRouteWithinStack(Object(Illuminate\Routing\Route), Object(Illuminate\Http\Request))
#49 /var/www/gitrepo/seathero_newui/vendor/laravel/framework/src/Illuminate/Routing/Router.php(654): Illuminate\Routing\Router->dispatchToRoute(Object(Illuminate\Http\Request))
#50 /var/www/gitrepo/seathero_newui/vendor/laravel/framework/src/Illuminate/Foundation/Http/Kernel.php(246): Illuminate\Routing\Router->dispatch(Object(Illuminate\Http\Request))
#51 [internal function]: Illuminate\Foundation\Http\Kernel->Illuminate\Foundation\Http\{closure}(Object(Illuminate\Http\Request))
#52 /var/www/gitrepo/seathero_newui/vendor/laravel/framework/src/Illuminate/Routing/Pipeline.php(52): call_user_func(Object(Closure), Object(Illuminate\Http\Request))
#53 /var/www/gitrepo/seathero_newui/vendor/laravel/framework/src/Illuminate/Foundation/Http/Middleware/CheckForMaintenanceMode.php(44): Illuminate\Routing\Pipeline->Illuminate\Routing\{closure}(Object(Illuminate\Http\Request))
#54 [internal function]: Illuminate\Foundation\Http\Middleware\CheckForMaintenanceMode->handle(Object(Illuminate\Http\Request), Object(Closure))
#55 /var/www/gitrepo/seathero_newui/vendor/laravel/framework/src/Illuminate/Pipeline/Pipeline.php(124): call_user_func_array(Array, Array)
#56 [internal function]: Illuminate\Pipeline\Pipeline->Illuminate\Pipeline\{closure}(Object(Illuminate\Http\Request))
#57 /var/www/gitrepo/seathero_newui/vendor/laravel/framework/src/Illuminate/Routing/Pipeline.php(32): call_user_func(Object(Closure), Object(Illuminate\Http\Request))
#58 [internal function]: Illuminate\Routing\Pipeline->Illuminate\Routing\{closure}(Object(Illuminate\Http\Request))
#59 /var/www/gitrepo/seathero_newui/vendor/laravel/framework/src/Illuminate/Pipeline/Pipeline.php(103): call_user_func(Object(Closure), Object(Illuminate\Http\Request))
#60 /var/www/gitrepo/seathero_newui/vendor/laravel/framework/src/Illuminate/Foundation/Http/Kernel.php(132): Illuminate\Pipeline\Pipeline->then(Object(Closure))
#61 /var/www/gitrepo/seathero_newui/vendor/laravel/framework/src/Illuminate/Foundation/Http/Kernel.php(99): Illuminate\Foundation\Http\Kernel->sendRequestThroughRouter(Object(Illuminate\Http\Request))
#62 /var/www/gitrepo/seathero_newui/public/index.php(54): Illuminate\Foundation\Http\Kernel->handle(Object(Illuminate\Http\Request))
#63 {main}  
[2016-01-17 21:07:32] local.ERROR: exception 'InvalidArgumentException' with message 'View [errors.500] not found.' in /var/www/gitrepo/seathero_newui/vendor/laravel/framework/src/Illuminate/View/FileViewFinder.php:137
Stack trace:
#0 /var/www/gitrepo/seathero_newui/vendor/laravel/framework/src/Illuminate/View/FileViewFinder.php(79): Illuminate\View\FileViewFinder->findInPaths('errors.500', Array)
#1 /var/www/gitrepo/seathero_newui/vendor/laravel/framework/src/Illuminate/View/Factory.php(151): Illuminate\View\FileViewFinder->find('errors.500')
#2 /var/www/gitrepo/seathero_newui/vendor/laravel/framework/src/Illuminate/Routing/ResponseFactory.php(71): Illuminate\View\Factory->make('errors.500', Array)
#3 /var/www/gitrepo/seathero_newui/app/Exceptions/Handler.php(79): Illuminate\Routing\ResponseFactory->view('errors.500', Array, 500)
#4 /var/www/gitrepo/seathero_newui/vendor/laravel/framework/src/Illuminate/Routing/Pipeline.php(80): App\Exceptions\Handler->render(Object(Illuminate\Http\Request), Object(InvalidArgumentException))
#5 /var/www/gitrepo/seathero_newui/vendor/laravel/framework/src/Illuminate/Routing/Pipeline.php(34): Illuminate\Routing\Pipeline->handleException(Object(Illuminate\Http\Request), Object(InvalidArgumentException))
#6 [internal function]: Illuminate\Routing\Pipeline->Illuminate\Routing\{closure}(Object(Illuminate\Http\Request))
#7 /var/www/gitrepo/seathero_newui/vendor/laravel/framework/src/Illuminate/Pipeline/Pipeline.php(103): call_user_func(Object(Closure), Object(Illuminate\Http\Request))
#8 /var/www/gitrepo/seathero_newui/vendor/laravel/framework/src/Illuminate/Routing/ControllerDispatcher.php(96): Illuminate\Pipeline\Pipeline->then(Object(Closure))
#9 /var/www/gitrepo/seathero_newui/vendor/laravel/framework/src/Illuminate/Routing/ControllerDispatcher.php(54): Illuminate\Routing\ControllerDispatcher->callWithinStack(Object(App\Http\Controllers\Auth\AuthController), Object(Illuminate\Routing\Route), Object(Illuminate\Http\Request), 'postRegister')
#10 /var/www/gitrepo/seathero_newui/vendor/laravel/framework/src/Illuminate/Routing/Route.php(174): Illuminate\Routing\ControllerDispatcher->dispatch(Object(Illuminate\Routing\Route), Object(Illuminate\Http\Request), 'App\\Http\\Contro...', 'postRegister')
#11 /var/www/gitrepo/seathero_newui/vendor/laravel/framework/src/Illuminate/Routing/Route.php(140): Illuminate\Routing\Route->runController(Object(Illuminate\Http\Request))
#12 /var/www/gitrepo/seathero_newui/vendor/laravel/framework/src/Illuminate/Routing/Router.php(703): Illuminate\Routing\Route->run(Object(Illuminate\Http\Request))
#13 [internal function]: Illuminate\Routing\Router->Illuminate\Routing\{closure}(Object(Illuminate\Http\Request))
#14 /var/www/gitrepo/seathero_newui/vendor/laravel/framework/src/Illuminate/Routing/Pipeline.php(52): call_user_func(Object(Closure), Object(Illuminate\Http\Request))
#15 /var/www/gitrepo/seathero_newui/vendor/laravel/framework/src/Illuminate/Foundation/Http/Middleware/VerifyCsrfToken.php(64): Illuminate\Routing\Pipeline->Illuminate\Routing\{closure}(Object(Illuminate\Http\Request))
#16 [internal function]: Illuminate\Foundation\Http\Middleware\VerifyCsrfToken->handle(Object(Illuminate\Http\Request), Object(Closure))
#17 /var/www/gitrepo/seathero_newui/vendor/laravel/framework/src/Illuminate/Pipeline/Pipeline.php(124): call_user_func_array(Array, Array)
#18 [internal function]: Illuminate\Pipeline\Pipeline->Illuminate\Pipeline\{closure}(Object(Illuminate\Http\Request))
#19 /var/www/gitrepo/seathero_newui/vendor/laravel/framework/src/Illuminate/Routing/Pipeline.php(32): call_user_func(Object(Closure), Object(Illuminate\Http\Request))
#20 /var/www/gitrepo/seathero_newui/vendor/laravel/framework/src/Illuminate/View/Middleware/ShareErrorsFromSession.php(49): Illuminate\Routing\Pipeline->Illuminate\Routing\{closure}(Object(Illuminate\Http\Request))
#21 [internal function]: Illuminate\View\Middleware\ShareErrorsFromSession->handle(Object(Illuminate\Http\Request), Object(Closure))
#22 /var/www/gitrepo/seathero_newui/vendor/laravel/framework/src/Illuminate/Pipeline/Pipeline.php(124): call_user_func_array(Array, Array)
#23 [internal function]: Illuminate\Pipeline\Pipeline->Illuminate\Pipeline\{closure}(Object(Illuminate\Http\Request))
#24 /var/www/gitrepo/seathero_newui/vendor/laravel/framework/src/Illuminate/Routing/Pipeline.php(32): call_user_func(Object(Closure), Object(Illuminate\Http\Request))
#25 /var/www/gitrepo/seathero_newui/vendor/laravel/framework/src/Illuminate/Session/Middleware/StartSession.php(62): Illuminate\Routing\Pipeline->Illuminate\Routing\{closure}(Object(Illuminate\Http\Request))
#26 [internal function]: Illuminate\Session\Middleware\StartSession->handle(Object(Illuminate\Http\Request), Object(Closure))
#27 /var/www/gitrepo/seathero_newui/vendor/laravel/framework/src/Illuminate/Pipeline/Pipeline.php(124): call_user_func_array(Array, Array)
#28 [internal function]: Illuminate\Pipeline\Pipeline->Illuminate\Pipeline\{closure}(Object(Illuminate\Http\Request))
#29 /var/www/gitrepo/seathero_newui/vendor/laravel/framework/src/Illuminate/Routing/Pipeline.php(32): call_user_func(Object(Closure), Object(Illuminate\Http\Request))
#30 /var/www/gitrepo/seathero_newui/vendor/laravel/framework/src/Illuminate/Cookie/Middleware/AddQueuedCookiesToResponse.php(37): Illuminate\Routing\Pipeline->Illuminate\Routing\{closure}(Object(Illuminate\Http\Request))
#31 [internal function]: Illuminate\Cookie\Middleware\AddQueuedCookiesToResponse->handle(Object(Illuminate\Http\Request), Object(Closure))
#32 /var/www/gitrepo/seathero_newui/vendor/laravel/framework/src/Illuminate/Pipeline/Pipeline.php(124): call_user_func_array(Array, Array)
#33 [internal function]: Illuminate\Pipeline\Pipeline->Illuminate\Pipeline\{closure}(Object(Illuminate\Http\Request))
#34 /var/www/gitrepo/seathero_newui/vendor/laravel/framework/src/Illuminate/Routing/Pipeline.php(32): call_user_func(Object(Closure), Object(Illuminate\Http\Request))
#35 /var/www/gitrepo/seathero_newui/vendor/laravel/framework/src/Illuminate/Cookie/Middleware/EncryptCookies.php(59): Illuminate\Routing\Pipeline->Illuminate\Routing\{closure}(Object(Illuminate\Http\Request))
#36 [internal function]: Illuminate\Cookie\Middleware\EncryptCookies->handle(Object(Illuminate\Http\Request), Object(Closure))
#37 /var/www/gitrepo/seathero_newui/vendor/laravel/framework/src/Illuminate/Pipeline/Pipeline.php(124): call_user_func_array(Array, Array)
#38 [internal function]: Illuminate\Pipeline\Pipeline->Illuminate\Pipeline\{closure}(Object(Illuminate\Http\Request))
#39 /var/www/gitrepo/seathero_newui/vendor/laravel/framework/src/Illuminate/Routing/Pipeline.php(32): call_user_func(Object(Closure), Object(Illuminate\Http\Request))
#40 [internal function]: Illuminate\Routing\Pipeline->Illuminate\Routing\{closure}(Object(Illuminate\Http\Request))
#41 /var/www/gitrepo/seathero_newui/vendor/laravel/framework/src/Illuminate/Pipeline/Pipeline.php(103): call_user_func(Object(Closure), Object(Illuminate\Http\Request))
#42 /var/www/gitrepo/seathero_newui/vendor/laravel/framework/src/Illuminate/Routing/Router.php(705): Illuminate\Pipeline\Pipeline->then(Object(Closure))
#43 /var/www/gitrepo/seathero_newui/vendor/laravel/framework/src/Illuminate/Routing/Router.php(678): Illuminate\Routing\Router->runRouteWithinStack(Object(Illuminate\Routing\Route), Object(Illuminate\Http\Request))
#44 /var/www/gitrepo/seathero_newui/vendor/laravel/framework/src/Illuminate/Routing/Router.php(654): Illuminate\Routing\Router->dispatchToRoute(Object(Illuminate\Http\Request))
#45 /var/www/gitrepo/seathero_newui/vendor/laravel/framework/src/Illuminate/Foundation/Http/Kernel.php(246): Illuminate\Routing\Router->dispatch(Object(Illuminate\Http\Request))
#46 [internal function]: Illuminate\Foundation\Http\Kernel->Illuminate\Foundation\Http\{closure}(Object(Illuminate\Http\Request))
#47 /var/www/gitrepo/seathero_newui/vendor/laravel/framework/src/Illuminate/Routing/Pipeline.php(52): call_user_func(Object(Closure), Object(Illuminate\Http\Request))
#48 /var/www/gitrepo/seathero_newui/vendor/laravel/framework/src/Illuminate/Foundation/Http/Middleware/CheckForMaintenanceMode.php(44): Illuminate\Routing\Pipeline->Illuminate\Routing\{closure}(Object(Illuminate\Http\Request))
#49 [internal function]: Illuminate\Foundation\Http\Middleware\CheckForMaintenanceMode->handle(Object(Illuminate\Http\Request), Object(Closure))
#50 /var/www/gitrepo/seathero_newui/vendor/laravel/framework/src/Illuminate/Pipeline/Pipeline.php(124): call_user_func_array(Array, Array)
#51 [internal function]: Illuminate\Pipeline\Pipeline->Illuminate\Pipeline\{closure}(Object(Illuminate\Http\Request))
#52 /var/www/gitrepo/seathero_newui/vendor/laravel/framework/src/Illuminate/Routing/Pipeline.php(32): call_user_func(Object(Closure), Object(Illuminate\Http\Request))
#53 [internal function]: Illuminate\Routing\Pipeline->Illuminate\Routing\{closure}(Object(Illuminate\Http\Request))
#54 /var/www/gitrepo/seathero_newui/vendor/laravel/framework/src/Illuminate/Pipeline/Pipeline.php(103): call_user_func(Object(Closure), Object(Illuminate\Http\Request))
#55 /var/www/gitrepo/seathero_newui/vendor/laravel/framework/src/Illuminate/Foundation/Http/Kernel.php(132): Illuminate\Pipeline\Pipeline->then(Object(Closure))
#56 /var/www/gitrepo/seathero_newui/vendor/laravel/framework/src/Illuminate/Foundation/Http/Kernel.php(99): Illuminate\Foundation\Http\Kernel->sendRequestThroughRouter(Object(Illuminate\Http\Request))
#57 /var/www/gitrepo/seathero_newui/public/index.php(54): Illuminate\Foundation\Http\Kernel->handle(Object(Illuminate\Http\Request))
#58 {main}  
[2016-01-17 21:07:32] local.ERROR: exception 'InvalidArgumentException' with message 'View [errors.500] not found.' in /var/www/gitrepo/seathero_newui/vendor/laravel/framework/src/Illuminate/View/FileViewFinder.php:137
Stack trace:
#0 /var/www/gitrepo/seathero_newui/vendor/laravel/framework/src/Illuminate/View/FileViewFinder.php(79): Illuminate\View\FileViewFinder->findInPaths('errors.500', Array)
#1 /var/www/gitrepo/seathero_newui/vendor/laravel/framework/src/Illuminate/View/Factory.php(151): Illuminate\View\FileViewFinder->find('errors.500')
#2 /var/www/gitrepo/seathero_newui/vendor/laravel/framework/src/Illuminate/Routing/ResponseFactory.php(71): Illuminate\View\Factory->make('errors.500', Array)
#3 /var/www/gitrepo/seathero_newui/app/Exceptions/Handler.php(79): Illuminate\Routing\ResponseFactory->view('errors.500', Array, 500)
#4 /var/www/gitrepo/seathero_newui/vendor/laravel/framework/src/Illuminate/Routing/Pipeline.php(80): App\Exceptions\Handler->render(Object(Illuminate\Http\Request), Object(InvalidArgumentException))
#5 /var/www/gitrepo/seathero_newui/vendor/laravel/framework/src/Illuminate/Routing/Pipeline.php(54): Illuminate\Routing\Pipeline->handleException(Object(Illuminate\Http\Request), Object(InvalidArgumentException))
#6 /var/www/gitrepo/seathero_newui/vendor/laravel/framework/src/Illuminate/Foundation/Http/Middleware/VerifyCsrfToken.php(64): Illuminate\Routing\Pipeline->Illuminate\Routing\{closure}(Object(Illuminate\Http\Request))
#7 [internal function]: Illuminate\Foundation\Http\Middleware\VerifyCsrfToken->handle(Object(Illuminate\Http\Request), Object(Closure))
#8 /var/www/gitrepo/seathero_newui/vendor/laravel/framework/src/Illuminate/Pipeline/Pipeline.php(124): call_user_func_array(Array, Array)
#9 [internal function]: Illuminate\Pipeline\Pipeline->Illuminate\Pipeline\{closure}(Object(Illuminate\Http\Request))
#10 /var/www/gitrepo/seathero_newui/vendor/laravel/framework/src/Illuminate/Routing/Pipeline.php(32): call_user_func(Object(Closure), Object(Illuminate\Http\Request))
#11 /var/www/gitrepo/seathero_newui/vendor/laravel/framework/src/Illuminate/View/Middleware/ShareErrorsFromSession.php(49): Illuminate\Routing\Pipeline->Illuminate\Routing\{closure}(Object(Illuminate\Http\Request))
#12 [internal function]: Illuminate\View\Middleware\ShareErrorsFromSession->handle(Object(Illuminate\Http\Request), Object(Closure))
#13 /var/www/gitrepo/seathero_newui/vendor/laravel/framework/src/Illuminate/Pipeline/Pipeline.php(124): call_user_func_array(Array, Array)
#14 [internal function]: Illuminate\Pipeline\Pipeline->Illuminate\Pipeline\{closure}(Object(Illuminate\Http\Request))
#15 /var/www/gitrepo/seathero_newui/vendor/laravel/framework/src/Illuminate/Routing/Pipeline.php(32): call_user_func(Object(Closure), Object(Illuminate\Http\Request))
#16 /var/www/gitrepo/seathero_newui/vendor/laravel/framework/src/Illuminate/Session/Middleware/StartSession.php(62): Illuminate\Routing\Pipeline->Illuminate\Routing\{closure}(Object(Illuminate\Http\Request))
#17 [internal function]: Illuminate\Session\Middleware\StartSession->handle(Object(Illuminate\Http\Request), Object(Closure))
#18 /var/www/gitrepo/seathero_newui/vendor/laravel/framework/src/Illuminate/Pipeline/Pipeline.php(124): call_user_func_array(Array, Array)
#19 [internal function]: Illuminate\Pipeline\Pipeline->Illuminate\Pipeline\{closure}(Object(Illuminate\Http\Request))
#20 /var/www/gitrepo/seathero_newui/vendor/laravel/framework/src/Illuminate/Routing/Pipeline.php(32): call_user_func(Object(Closure), Object(Illuminate\Http\Request))
#21 /var/www/gitrepo/seathero_newui/vendor/laravel/framework/src/Illuminate/Cookie/Middleware/AddQueuedCookiesToResponse.php(37): Illuminate\Routing\Pipeline->Illuminate\Routing\{closure}(Object(Illuminate\Http\Request))
#22 [internal function]: Illuminate\Cookie\Middleware\AddQueuedCookiesToResponse->handle(Object(Illuminate\Http\Request), Object(Closure))
#23 /var/www/gitrepo/seathero_newui/vendor/laravel/framework/src/Illuminate/Pipeline/Pipeline.php(124): call_user_func_array(Array, Array)
#24 [internal function]: Illuminate\Pipeline\Pipeline->Illuminate\Pipeline\{closure}(Object(Illuminate\Http\Request))
#25 /var/www/gitrepo/seathero_newui/vendor/laravel/framework/src/Illuminate/Routing/Pipeline.php(32): call_user_func(Object(Closure), Object(Illuminate\Http\Request))
#26 /var/www/gitrepo/seathero_newui/vendor/laravel/framework/src/Illuminate/Cookie/Middleware/EncryptCookies.php(59): Illuminate\Routing\Pipeline->Illuminate\Routing\{closure}(Object(Illuminate\Http\Request))
#27 [internal function]: Illuminate\Cookie\Middleware\EncryptCookies->handle(Object(Illuminate\Http\Request), Object(Closure))
#28 /var/www/gitrepo/seathero_newui/vendor/laravel/framework/src/Illuminate/Pipeline/Pipeline.php(124): call_user_func_array(Array, Array)
#29 [internal function]: Illuminate\Pipeline\Pipeline->Illuminate\Pipeline\{closure}(Object(Illuminate\Http\Request))
#30 /var/www/gitrepo/seathero_newui/vendor/laravel/framework/src/Illuminate/Routing/Pipeline.php(32): call_user_func(Object(Closure), Object(Illuminate\Http\Request))
#31 [internal function]: Illuminate\Routing\Pipeline->Illuminate\Routing\{closure}(Object(Illuminate\Http\Request))
#32 /var/www/gitrepo/seathero_newui/vendor/laravel/framework/src/Illuminate/Pipeline/Pipeline.php(103): call_user_func(Object(Closure), Object(Illuminate\Http\Request))
#33 /var/www/gitrepo/seathero_newui/vendor/laravel/framework/src/Illuminate/Routing/Router.php(705): Illuminate\Pipeline\Pipeline->then(Object(Closure))
#34 /var/www/gitrepo/seathero_newui/vendor/laravel/framework/src/Illuminate/Routing/Router.php(678): Illuminate\Routing\Router->runRouteWithinStack(Object(Illuminate\Routing\Route), Object(Illuminate\Http\Request))
#35 /var/www/gitrepo/seathero_newui/vendor/laravel/framework/src/Illuminate/Routing/Router.php(654): Illuminate\Routing\Router->dispatchToRoute(Object(Illuminate\Http\Request))
#36 /var/www/gitrepo/seathero_newui/vendor/laravel/framework/src/Illuminate/Foundation/Http/Kernel.php(246): Illuminate\Routing\Router->dispatch(Object(Illuminate\Http\Request))
#37 [internal function]: Illuminate\Foundation\Http\Kernel->Illuminate\Foundation\Http\{closure}(Object(Illuminate\Http\Request))
#38 /var/www/gitrepo/seathero_newui/vendor/laravel/framework/src/Illuminate/Routing/Pipeline.php(52): call_user_func(Object(Closure), Object(Illuminate\Http\Request))
#39 /var/www/gitrepo/seathero_newui/vendor/laravel/framework/src/Illuminate/Foundation/Http/Middleware/CheckForMaintenanceMode.php(44): Illuminate\Routing\Pipeline->Illuminate\Routing\{closure}(Object(Illuminate\Http\Request))
#40 [internal function]: Illuminate\Foundation\Http\Middleware\CheckForMaintenanceMode->handle(Object(Illuminate\Http\Request), Object(Closure))
#41 /var/www/gitrepo/seathero_newui/vendor/laravel/framework/src/Illuminate/Pipeline/Pipeline.php(124): call_user_func_array(Array, Array)
#42 [internal function]: Illuminate\Pipeline\Pipeline->Illuminate\Pipeline\{closure}(Object(Illuminate\Http\Request))
#43 /var/www/gitrepo/seathero_newui/vendor/laravel/framework/src/Illuminate/Routing/Pipeline.php(32): call_user_func(Object(Closure), Object(Illuminate\Http\Request))
#44 [internal function]: Illuminate\Routing\Pipeline->Illuminate\Routing\{closure}(Object(Illuminate\Http\Request))
#45 /var/www/gitrepo/seathero_newui/vendor/laravel/framework/src/Illuminate/Pipeline/Pipeline.php(103): call_user_func(Object(Closure), Object(Illuminate\Http\Request))
#46 /var/www/gitrepo/seathero_newui/vendor/laravel/framework/src/Illuminate/Foundation/Http/Kernel.php(132): Illuminate\Pipeline\Pipeline->then(Object(Closure))
#47 /var/www/gitrepo/seathero_newui/vendor/laravel/framework/src/Illuminate/Foundation/Http/Kernel.php(99): Illuminate\Foundation\Http\Kernel->sendRequestThroughRouter(Object(Illuminate\Http\Request))
#48 /var/www/gitrepo/seathero_newui/public/index.php(54): Illuminate\Foundation\Http\Kernel->handle(Object(Illuminate\Http\Request))
#49 {main}  
[2016-01-17 21:07:32] local.ERROR: exception 'InvalidArgumentException' with message 'View [errors.500] not found.' in /var/www/gitrepo/seathero_newui/vendor/laravel/framework/src/Illuminate/View/FileViewFinder.php:137
Stack trace:
#0 /var/www/gitrepo/seathero_newui/vendor/laravel/framework/src/Illuminate/View/FileViewFinder.php(79): Illuminate\View\FileViewFinder->findInPaths('errors.500', Array)
#1 /var/www/gitrepo/seathero_newui/vendor/laravel/framework/src/Illuminate/View/Factory.php(151): Illuminate\View\FileViewFinder->find('errors.500')
#2 /var/www/gitrepo/seathero_newui/vendor/laravel/framework/src/Illuminate/Routing/ResponseFactory.php(71): Illuminate\View\Factory->make('errors.500', Array)
#3 /var/www/gitrepo/seathero_newui/app/Exceptions/Handler.php(79): Illuminate\Routing\ResponseFactory->view('errors.500', Array, 500)
#4 /var/www/gitrepo/seathero_newui/vendor/laravel/framework/src/Illuminate/Routing/Pipeline.php(80): App\Exceptions\Handler->render(Object(Illuminate\Http\Request), Object(InvalidArgumentException))
#5 /var/www/gitrepo/seathero_newui/vendor/laravel/framework/src/Illuminate/Routing/Pipeline.php(34): Illuminate\Routing\Pipeline->handleException(Object(Illuminate\Http\Request), Object(InvalidArgumentException))
#6 /var/www/gitrepo/seathero_newui/vendor/laravel/framework/src/Illuminate/View/Middleware/ShareErrorsFromSession.php(49): Illuminate\Routing\Pipeline->Illuminate\Routing\{closure}(Object(Illuminate\Http\Request))
#7 [internal function]: Illuminate\View\Middleware\ShareErrorsFromSession->handle(Object(Illuminate\Http\Request), Object(Closure))
#8 /var/www/gitrepo/seathero_newui/vendor/laravel/framework/src/Illuminate/Pipeline/Pipeline.php(124): call_user_func_array(Array, Array)
#9 [internal function]: Illuminate\Pipeline\Pipeline->Illuminate\Pipeline\{closure}(Object(Illuminate\Http\Request))
#10 /var/www/gitrepo/seathero_newui/vendor/laravel/framework/src/Illuminate/Routing/Pipeline.php(32): call_user_func(Object(Closure), Object(Illuminate\Http\Request))
#11 /var/www/gitrepo/seathero_newui/vendor/laravel/framework/src/Illuminate/Session/Middleware/StartSession.php(62): Illuminate\Routing\Pipeline->Illuminate\Routing\{closure}(Object(Illuminate\Http\Request))
#12 [internal function]: Illuminate\Session\Middleware\StartSession->handle(Object(Illuminate\Http\Request), Object(Closure))
#13 /var/www/gitrepo/seathero_newui/vendor/laravel/framework/src/Illuminate/Pipeline/Pipeline.php(124): call_user_func_array(Array, Array)
#14 [internal function]: Illuminate\Pipeline\Pipeline->Illuminate\Pipeline\{closure}(Object(Illuminate\Http\Request))
#15 /var/www/gitrepo/seathero_newui/vendor/laravel/framework/src/Illuminate/Routing/Pipeline.php(32): call_user_func(Object(Closure), Object(Illuminate\Http\Request))
#16 /var/www/gitrepo/seathero_newui/vendor/laravel/framework/src/Illuminate/Cookie/Middleware/AddQueuedCookiesToResponse.php(37): Illuminate\Routing\Pipeline->Illuminate\Routing\{closure}(Object(Illuminate\Http\Request))
#17 [internal function]: Illuminate\Cookie\Middleware\AddQueuedCookiesToResponse->handle(Object(Illuminate\Http\Request), Object(Closure))
#18 /var/www/gitrepo/seathero_newui/vendor/laravel/framework/src/Illuminate/Pipeline/Pipeline.php(124): call_user_func_array(Array, Array)
#19 [internal function]: Illuminate\Pipeline\Pipeline->Illuminate\Pipeline\{closure}(Object(Illuminate\Http\Request))
#20 /var/www/gitrepo/seathero_newui/vendor/laravel/framework/src/Illuminate/Routing/Pipeline.php(32): call_user_func(Object(Closure), Object(Illuminate\Http\Request))
#21 /var/www/gitrepo/seathero_newui/vendor/laravel/framework/src/Illuminate/Cookie/Middleware/EncryptCookies.php(59): Illuminate\Routing\Pipeline->Illuminate\Routing\{closure}(Object(Illuminate\Http\Request))
#22 [internal function]: Illuminate\Cookie\Middleware\EncryptCookies->handle(Object(Illuminate\Http\Request), Object(Closure))
#23 /var/www/gitrepo/seathero_newui/vendor/laravel/framework/src/Illuminate/Pipeline/Pipeline.php(124): call_user_func_array(Array, Array)
#24 [internal function]: Illuminate\Pipeline\Pipeline->Illuminate\Pipeline\{closure}(Object(Illuminate\Http\Request))
#25 /var/www/gitrepo/seathero_newui/vendor/laravel/framework/src/Illuminate/Routing/Pipeline.php(32): call_user_func(Object(Closure), Object(Illuminate\Http\Request))
#26 [internal function]: Illuminate\Routing\Pipeline->Illuminate\Routing\{closure}(Object(Illuminate\Http\Request))
#27 /var/www/gitrepo/seathero_newui/vendor/laravel/framework/src/Illuminate/Pipeline/Pipeline.php(103): call_user_func(Object(Closure), Object(Illuminate\Http\Request))
#28 /var/www/gitrepo/seathero_newui/vendor/laravel/framework/src/Illuminate/Routing/Router.php(705): Illuminate\Pipeline\Pipeline->then(Object(Closure))
#29 /var/www/gitrepo/seathero_newui/vendor/laravel/framework/src/Illuminate/Routing/Router.php(678): Illuminate\Routing\Router->runRouteWithinStack(Object(Illuminate\Routing\Route), Object(Illuminate\Http\Request))
#30 /var/www/gitrepo/seathero_newui/vendor/laravel/framework/src/Illuminate/Routing/Router.php(654): Illuminate\Routing\Router->dispatchToRoute(Object(Illuminate\Http\Request))
#31 /var/www/gitrepo/seathero_newui/vendor/laravel/framework/src/Illuminate/Foundation/Http/Kernel.php(246): Illuminate\Routing\Router->dispatch(Object(Illuminate\Http\Request))
#32 [internal function]: Illuminate\Foundation\Http\Kernel->Illuminate\Foundation\Http\{closure}(Object(Illuminate\Http\Request))
#33 /var/www/gitrepo/seathero_newui/vendor/laravel/framework/src/Illuminate/Routing/Pipeline.php(52): call_user_func(Object(Closure), Object(Illuminate\Http\Request))
#34 /var/www/gitrepo/seathero_newui/vendor/laravel/framework/src/Illuminate/Foundation/Http/Middleware/CheckForMaintenanceMode.php(44): Illuminate\Routing\Pipeline->Illuminate\Routing\{closure}(Object(Illuminate\Http\Request))
#35 [internal function]: Illuminate\Foundation\Http\Middleware\CheckForMaintenanceMode->handle(Object(Illuminate\Http\Request), Object(Closure))
#36 /var/www/gitrepo/seathero_newui/vendor/laravel/framework/src/Illuminate/Pipeline/Pipeline.php(124): call_user_func_array(Array, Array)
#37 [internal function]: Illuminate\Pipeline\Pipeline->Illuminate\Pipeline\{closure}(Object(Illuminate\Http\Request))
#38 /var/www/gitrepo/seathero_newui/vendor/laravel/framework/src/Illuminate/Routing/Pipeline.php(32): call_user_func(Object(Closure), Object(Illuminate\Http\Request))
#39 [internal function]: Illuminate\Routing\Pipeline->Illuminate\Routing\{closure}(Object(Illuminate\Http\Request))
#40 /var/www/gitrepo/seathero_newui/vendor/laravel/framework/src/Illuminate/Pipeline/Pipeline.php(103): call_user_func(Object(Closure), Object(Illuminate\Http\Request))
#41 /var/www/gitrepo/seathero_newui/vendor/laravel/framework/src/Illuminate/Foundation/Http/Kernel.php(132): Illuminate\Pipeline\Pipeline->then(Object(Closure))
#42 /var/www/gitrepo/seathero_newui/vendor/laravel/framework/src/Illuminate/Foundation/Http/Kernel.php(99): Illuminate\Foundation\Http\Kernel->sendRequestThroughRouter(Object(Illuminate\Http\Request))
#43 /var/www/gitrepo/seathero_newui/public/index.php(54): Illuminate\Foundation\Http\Kernel->handle(Object(Illuminate\Http\Request))
#44 {main}  
[2016-01-17 21:07:32] local.ERROR: exception 'InvalidArgumentException' with message 'View [errors.500] not found.' in /var/www/gitrepo/seathero_newui/vendor/laravel/framework/src/Illuminate/View/FileViewFinder.php:137
Stack trace:
#0 /var/www/gitrepo/seathero_newui/vendor/laravel/framework/src/Illuminate/View/FileViewFinder.php(79): Illuminate\View\FileViewFinder->findInPaths('errors.500', Array)
#1 /var/www/gitrepo/seathero_newui/vendor/laravel/framework/src/Illuminate/View/Factory.php(151): Illuminate\View\FileViewFinder->find('errors.500')
#2 /var/www/gitrepo/seathero_newui/vendor/laravel/framework/src/Illuminate/Routing/ResponseFactory.php(71): Illuminate\View\Factory->make('errors.500', Array)
#3 /var/www/gitrepo/seathero_newui/app/Exceptions/Handler.php(79): Illuminate\Routing\ResponseFactory->view('errors.500', Array, 500)
#4 /var/www/gitrepo/seathero_newui/vendor/laravel/framework/src/Illuminate/Routing/Pipeline.php(80): App\Exceptions\Handler->render(Object(Illuminate\Http\Request), Object(InvalidArgumentException))
#5 /var/www/gitrepo/seathero_newui/vendor/laravel/framework/src/Illuminate/Routing/Pipeline.php(34): Illuminate\Routing\Pipeline->handleException(Object(Illuminate\Http\Request), Object(InvalidArgumentException))
#6 /var/www/gitrepo/seathero_newui/vendor/laravel/framework/src/Illuminate/Session/Middleware/StartSession.php(62): Illuminate\Routing\Pipeline->Illuminate\Routing\{closure}(Object(Illuminate\Http\Request))
#7 [internal function]: Illuminate\Session\Middleware\StartSession->handle(Object(Illuminate\Http\Request), Object(Closure))
#8 /var/www/gitrepo/seathero_newui/vendor/laravel/framework/src/Illuminate/Pipeline/Pipeline.php(124): call_user_func_array(Array, Array)
#9 [internal function]: Illuminate\Pipeline\Pipeline->Illuminate\Pipeline\{closure}(Object(Illuminate\Http\Request))
#10 /var/www/gitrepo/seathero_newui/vendor/laravel/framework/src/Illuminate/Routing/Pipeline.php(32): call_user_func(Object(Closure), Object(Illuminate\Http\Request))
#11 /var/www/gitrepo/seathero_newui/vendor/laravel/framework/src/Illuminate/Cookie/Middleware/AddQueuedCookiesToResponse.php(37): Illuminate\Routing\Pipeline->Illuminate\Routing\{closure}(Object(Illuminate\Http\Request))
#12 [internal function]: Illuminate\Cookie\Middleware\AddQueuedCookiesToResponse->handle(Object(Illuminate\Http\Request), Object(Closure))
#13 /var/www/gitrepo/seathero_newui/vendor/laravel/framework/src/Illuminate/Pipeline/Pipeline.php(124): call_user_func_array(Array, Array)
#14 [internal function]: Illuminate\Pipeline\Pipeline->Illuminate\Pipeline\{closure}(Object(Illuminate\Http\Request))
#15 /var/www/gitrepo/seathero_newui/vendor/laravel/framework/src/Illuminate/Routing/Pipeline.php(32): call_user_func(Object(Closure), Object(Illuminate\Http\Request))
#16 /var/www/gitrepo/seathero_newui/vendor/laravel/framework/src/Illuminate/Cookie/Middleware/EncryptCookies.php(59): Illuminate\Routing\Pipeline->Illuminate\Routing\{closure}(Object(Illuminate\Http\Request))
#17 [internal function]: Illuminate\Cookie\Middleware\EncryptCookies->handle(Object(Illuminate\Http\Request), Object(Closure))
#18 /var/www/gitrepo/seathero_newui/vendor/laravel/framework/src/Illuminate/Pipeline/Pipeline.php(124): call_user_func_array(Array, Array)
#19 [internal function]: Illuminate\Pipeline\Pipeline->Illuminate\Pipeline\{closure}(Object(Illuminate\Http\Request))
#20 /var/www/gitrepo/seathero_newui/vendor/laravel/framework/src/Illuminate/Routing/Pipeline.php(32): call_user_func(Object(Closure), Object(Illuminate\Http\Request))
#21 [internal function]: Illuminate\Routing\Pipeline->Illuminate\Routing\{closure}(Object(Illuminate\Http\Request))
#22 /var/www/gitrepo/seathero_newui/vendor/laravel/framework/src/Illuminate/Pipeline/Pipeline.php(103): call_user_func(Object(Closure), Object(Illuminate\Http\Request))
#23 /var/www/gitrepo/seathero_newui/vendor/laravel/framework/src/Illuminate/Routing/Router.php(705): Illuminate\Pipeline\Pipeline->then(Object(Closure))
#24 /var/www/gitrepo/seathero_newui/vendor/laravel/framework/src/Illuminate/Routing/Router.php(678): Illuminate\Routing\Router->runRouteWithinStack(Object(Illuminate\Routing\Route), Object(Illuminate\Http\Request))
#25 /var/www/gitrepo/seathero_newui/vendor/laravel/framework/src/Illuminate/Routing/Router.php(654): Illuminate\Routing\Router->dispatchToRoute(Object(Illuminate\Http\Request))
#26 /var/www/gitrepo/seathero_newui/vendor/laravel/framework/src/Illuminate/Foundation/Http/Kernel.php(246): Illuminate\Routing\Router->dispatch(Object(Illuminate\Http\Request))
#27 [internal function]: Illuminate\Foundation\Http\Kernel->Illuminate\Foundation\Http\{closure}(Object(Illuminate\Http\Request))
#28 /var/www/gitrepo/seathero_newui/vendor/laravel/framework/src/Illuminate/Routing/Pipeline.php(52): call_user_func(Object(Closure), Object(Illuminate\Http\Request))
#29 /var/www/gitrepo/seathero_newui/vendor/laravel/framework/src/Illuminate/Foundation/Http/Middleware/CheckForMaintenanceMode.php(44): Illuminate\Routing\Pipeline->Illuminate\Routing\{closure}(Object(Illuminate\Http\Request))
#30 [internal function]: Illuminate\Foundation\Http\Middleware\CheckForMaintenanceMode->handle(Object(Illuminate\Http\Request), Object(Closure))
#31 /var/www/gitrepo/seathero_newui/vendor/laravel/framework/src/Illuminate/Pipeline/Pipeline.php(124): call_user_func_array(Array, Array)
#32 [internal function]: Illuminate\Pipeline\Pipeline->Illuminate\Pipeline\{closure}(Object(Illuminate\Http\Request))
#33 /var/www/gitrepo/seathero_newui/vendor/laravel/framework/src/Illuminate/Routing/Pipeline.php(32): call_user_func(Object(Closure), Object(Illuminate\Http\Request))
#34 [internal function]: Illuminate\Routing\Pipeline->Illuminate\Routing\{closure}(Object(Illuminate\Http\Request))
#35 /var/www/gitrepo/seathero_newui/vendor/laravel/framework/src/Illuminate/Pipeline/Pipeline.php(103): call_user_func(Object(Closure), Object(Illuminate\Http\Request))
#36 /var/www/gitrepo/seathero_newui/vendor/laravel/framework/src/Illuminate/Foundation/Http/Kernel.php(132): Illuminate\Pipeline\Pipeline->then(Object(Closure))
#37 /var/www/gitrepo/seathero_newui/vendor/laravel/framework/src/Illuminate/Foundation/Http/Kernel.php(99): Illuminate\Foundation\Http\Kernel->sendRequestThroughRouter(Object(Illuminate\Http\Request))
#38 /var/www/gitrepo/seathero_newui/public/index.php(54): Illuminate\Foundation\Http\Kernel->handle(Object(Illuminate\Http\Request))
#39 {main}  
[2016-01-17 21:07:32] local.ERROR: exception 'InvalidArgumentException' with message 'View [errors.500] not found.' in /var/www/gitrepo/seathero_newui/vendor/laravel/framework/src/Illuminate/View/FileViewFinder.php:137
Stack trace:
#0 /var/www/gitrepo/seathero_newui/vendor/laravel/framework/src/Illuminate/View/FileViewFinder.php(79): Illuminate\View\FileViewFinder->findInPaths('errors.500', Array)
#1 /var/www/gitrepo/seathero_newui/vendor/laravel/framework/src/Illuminate/View/Factory.php(151): Illuminate\View\FileViewFinder->find('errors.500')
#2 /var/www/gitrepo/seathero_newui/vendor/laravel/framework/src/Illuminate/Routing/ResponseFactory.php(71): Illuminate\View\Factory->make('errors.500', Array)
#3 /var/www/gitrepo/seathero_newui/app/Exceptions/Handler.php(79): Illuminate\Routing\ResponseFactory->view('errors.500', Array, 500)
#4 /var/www/gitrepo/seathero_newui/vendor/laravel/framework/src/Illuminate/Routing/Pipeline.php(80): App\Exceptions\Handler->render(Object(Illuminate\Http\Request), Object(InvalidArgumentException))
#5 /var/www/gitrepo/seathero_newui/vendor/laravel/framework/src/Illuminate/Routing/Pipeline.php(34): Illuminate\Routing\Pipeline->handleException(Object(Illuminate\Http\Request), Object(InvalidArgumentException))
#6 /var/www/gitrepo/seathero_newui/vendor/laravel/framework/src/Illuminate/Cookie/Middleware/AddQueuedCookiesToResponse.php(37): Illuminate\Routing\Pipeline->Illuminate\Routing\{closure}(Object(Illuminate\Http\Request))
#7 [internal function]: Illuminate\Cookie\Middleware\AddQueuedCookiesToResponse->handle(Object(Illuminate\Http\Request), Object(Closure))
#8 /var/www/gitrepo/seathero_newui/vendor/laravel/framework/src/Illuminate/Pipeline/Pipeline.php(124): call_user_func_array(Array, Array)
#9 [internal function]: Illuminate\Pipeline\Pipeline->Illuminate\Pipeline\{closure}(Object(Illuminate\Http\Request))
#10 /var/www/gitrepo/seathero_newui/vendor/laravel/framework/src/Illuminate/Routing/Pipeline.php(32): call_user_func(Object(Closure), Object(Illuminate\Http\Request))
#11 /var/www/gitrepo/seathero_newui/vendor/laravel/framework/src/Illuminate/Cookie/Middleware/EncryptCookies.php(59): Illuminate\Routing\Pipeline->Illuminate\Routing\{closure}(Object(Illuminate\Http\Request))
#12 [internal function]: Illuminate\Cookie\Middleware\EncryptCookies->handle(Object(Illuminate\Http\Request), Object(Closure))
#13 /var/www/gitrepo/seathero_newui/vendor/laravel/framework/src/Illuminate/Pipeline/Pipeline.php(124): call_user_func_array(Array, Array)
#14 [internal function]: Illuminate\Pipeline\Pipeline->Illuminate\Pipeline\{closure}(Object(Illuminate\Http\Request))
#15 /var/www/gitrepo/seathero_newui/vendor/laravel/framework/src/Illuminate/Routing/Pipeline.php(32): call_user_func(Object(Closure), Object(Illuminate\Http\Request))
#16 [internal function]: Illuminate\Routing\Pipeline->Illuminate\Routing\{closure}(Object(Illuminate\Http\Request))
#17 /var/www/gitrepo/seathero_newui/vendor/laravel/framework/src/Illuminate/Pipeline/Pipeline.php(103): call_user_func(Object(Closure), Object(Illuminate\Http\Request))
#18 /var/www/gitrepo/seathero_newui/vendor/laravel/framework/src/Illuminate/Routing/Router.php(705): Illuminate\Pipeline\Pipeline->then(Object(Closure))
#19 /var/www/gitrepo/seathero_newui/vendor/laravel/framework/src/Illuminate/Routing/Router.php(678): Illuminate\Routing\Router->runRouteWithinStack(Object(Illuminate\Routing\Route), Object(Illuminate\Http\Request))
#20 /var/www/gitrepo/seathero_newui/vendor/laravel/framework/src/Illuminate/Routing/Router.php(654): Illuminate\Routing\Router->dispatchToRoute(Object(Illuminate\Http\Request))
#21 /var/www/gitrepo/seathero_newui/vendor/laravel/framework/src/Illuminate/Foundation/Http/Kernel.php(246): Illuminate\Routing\Router->dispatch(Object(Illuminate\Http\Request))
#22 [internal function]: Illuminate\Foundation\Http\Kernel->Illuminate\Foundation\Http\{closure}(Object(Illuminate\Http\Request))
#23 /var/www/gitrepo/seathero_newui/vendor/laravel/framework/src/Illuminate/Routing/Pipeline.php(52): call_user_func(Object(Closure), Object(Illuminate\Http\Request))
#24 /var/www/gitrepo/seathero_newui/vendor/laravel/framework/src/Illuminate/Foundation/Http/Middleware/CheckForMaintenanceMode.php(44): Illuminate\Routing\Pipeline->Illuminate\Routing\{closure}(Object(Illuminate\Http\Request))
#25 [internal function]: Illuminate\Foundation\Http\Middleware\CheckForMaintenanceMode->handle(Object(Illuminate\Http\Request), Object(Closure))
#26 /var/www/gitrepo/seathero_newui/vendor/laravel/framework/src/Illuminate/Pipeline/Pipeline.php(124): call_user_func_array(Array, Array)
#27 [internal function]: Illuminate\Pipeline\Pipeline->Illuminate\Pipeline\{closure}(Object(Illuminate\Http\Request))
#28 /var/www/gitrepo/seathero_newui/vendor/laravel/framework/src/Illuminate/Routing/Pipeline.php(32): call_user_func(Object(Closure), Object(Illuminate\Http\Request))
#29 [internal function]: Illuminate\Routing\Pipeline->Illuminate\Routing\{closure}(Object(Illuminate\Http\Request))
#30 /var/www/gitrepo/seathero_newui/vendor/laravel/framework/src/Illuminate/Pipeline/Pipeline.php(103): call_user_func(Object(Closure), Object(Illuminate\Http\Request))
#31 /var/www/gitrepo/seathero_newui/vendor/laravel/framework/src/Illuminate/Foundation/Http/Kernel.php(132): Illuminate\Pipeline\Pipeline->then(Object(Closure))
#32 /var/www/gitrepo/seathero_newui/vendor/laravel/framework/src/Illuminate/Foundation/Http/Kernel.php(99): Illuminate\Foundation\Http\Kernel->sendRequestThroughRouter(Object(Illuminate\Http\Request))
#33 /var/www/gitrepo/seathero_newui/public/index.php(54): Illuminate\Foundation\Http\Kernel->handle(Object(Illuminate\Http\Request))
#34 {main}  
[2016-01-17 21:07:32] local.ERROR: exception 'InvalidArgumentException' with message 'View [errors.500] not found.' in /var/www/gitrepo/seathero_newui/vendor/laravel/framework/src/Illuminate/View/FileViewFinder.php:137
Stack trace:
#0 /var/www/gitrepo/seathero_newui/vendor/laravel/framework/src/Illuminate/View/FileViewFinder.php(79): Illuminate\View\FileViewFinder->findInPaths('errors.500', Array)
#1 /var/www/gitrepo/seathero_newui/vendor/laravel/framework/src/Illuminate/View/Factory.php(151): Illuminate\View\FileViewFinder->find('errors.500')
#2 /var/www/gitrepo/seathero_newui/vendor/laravel/framework/src/Illuminate/Routing/ResponseFactory.php(71): Illuminate\View\Factory->make('errors.500', Array)
#3 /var/www/gitrepo/seathero_newui/app/Exceptions/Handler.php(79): Illuminate\Routing\ResponseFactory->view('errors.500', Array, 500)
#4 /var/www/gitrepo/seathero_newui/vendor/laravel/framework/src/Illuminate/Routing/Pipeline.php(80): App\Exceptions\Handler->render(Object(Illuminate\Http\Request), Object(InvalidArgumentException))
#5 /var/www/gitrepo/seathero_newui/vendor/laravel/framework/src/Illuminate/Routing/Pipeline.php(34): Illuminate\Routing\Pipeline->handleException(Object(Illuminate\Http\Request), Object(InvalidArgumentException))
#6 /var/www/gitrepo/seathero_newui/vendor/laravel/framework/src/Illuminate/Cookie/Middleware/EncryptCookies.php(59): Illuminate\Routing\Pipeline->Illuminate\Routing\{closure}(Object(Illuminate\Http\Request))
#7 [internal function]: Illuminate\Cookie\Middleware\EncryptCookies->handle(Object(Illuminate\Http\Request), Object(Closure))
#8 /var/www/gitrepo/seathero_newui/vendor/laravel/framework/src/Illuminate/Pipeline/Pipeline.php(124): call_user_func_array(Array, Array)
#9 [internal function]: Illuminate\Pipeline\Pipeline->Illuminate\Pipeline\{closure}(Object(Illuminate\Http\Request))
#10 /var/www/gitrepo/seathero_newui/vendor/laravel/framework/src/Illuminate/Routing/Pipeline.php(32): call_user_func(Object(Closure), Object(Illuminate\Http\Request))
#11 [internal function]: Illuminate\Routing\Pipeline->Illuminate\Routing\{closure}(Object(Illuminate\Http\Request))
#12 /var/www/gitrepo/seathero_newui/vendor/laravel/framework/src/Illuminate/Pipeline/Pipeline.php(103): call_user_func(Object(Closure), Object(Illuminate\Http\Request))
#13 /var/www/gitrepo/seathero_newui/vendor/laravel/framework/src/Illuminate/Routing/Router.php(705): Illuminate\Pipeline\Pipeline->then(Object(Closure))
#14 /var/www/gitrepo/seathero_newui/vendor/laravel/framework/src/Illuminate/Routing/Router.php(678): Illuminate\Routing\Router->runRouteWithinStack(Object(Illuminate\Routing\Route), Object(Illuminate\Http\Request))
#15 /var/www/gitrepo/seathero_newui/vendor/laravel/framework/src/Illuminate/Routing/Router.php(654): Illuminate\Routing\Router->dispatchToRoute(Object(Illuminate\Http\Request))
#16 /var/www/gitrepo/seathero_newui/vendor/laravel/framework/src/Illuminate/Foundation/Http/Kernel.php(246): Illuminate\Routing\Router->dispatch(Object(Illuminate\Http\Request))
#17 [internal function]: Illuminate\Foundation\Http\Kernel->Illuminate\Foundation\Http\{closure}(Object(Illuminate\Http\Request))
#18 /var/www/gitrepo/seathero_newui/vendor/laravel/framework/src/Illuminate/Routing/Pipeline.php(52): call_user_func(Object(Closure), Object(Illuminate\Http\Request))
#19 /var/www/gitrepo/seathero_newui/vendor/laravel/framework/src/Illuminate/Foundation/Http/Middleware/CheckForMaintenanceMode.php(44): Illuminate\Routing\Pipeline->Illuminate\Routing\{closure}(Object(Illuminate\Http\Request))
#20 [internal function]: Illuminate\Foundation\Http\Middleware\CheckForMaintenanceMode->handle(Object(Illuminate\Http\Request), Object(Closure))
#21 /var/www/gitrepo/seathero_newui/vendor/laravel/framework/src/Illuminate/Pipeline/Pipeline.php(124): call_user_func_array(Array, Array)
#22 [internal function]: Illuminate\Pipeline\Pipeline->Illuminate\Pipeline\{closure}(Object(Illuminate\Http\Request))
#23 /var/www/gitrepo/seathero_newui/vendor/laravel/framework/src/Illuminate/Routing/Pipeline.php(32): call_user_func(Object(Closure), Object(Illuminate\Http\Request))
#24 [internal function]: Illuminate\Routing\Pipeline->Illuminate\Routing\{closure}(Object(Illuminate\Http\Request))
#25 /var/www/gitrepo/seathero_newui/vendor/laravel/framework/src/Illuminate/Pipeline/Pipeline.php(103): call_user_func(Object(Closure), Object(Illuminate\Http\Request))
#26 /var/www/gitrepo/seathero_newui/vendor/laravel/framework/src/Illuminate/Foundation/Http/Kernel.php(132): Illuminate\Pipeline\Pipeline->then(Object(Closure))
#27 /var/www/gitrepo/seathero_newui/vendor/laravel/framework/src/Illuminate/Foundation/Http/Kernel.php(99): Illuminate\Foundation\Http\Kernel->sendRequestThroughRouter(Object(Illuminate\Http\Request))
#28 /var/www/gitrepo/seathero_newui/public/index.php(54): Illuminate\Foundation\Http\Kernel->handle(Object(Illuminate\Http\Request))
#29 {main}  
[2016-01-17 21:07:32] local.ERROR: exception 'InvalidArgumentException' with message 'View [errors.500] not found.' in /var/www/gitrepo/seathero_newui/vendor/laravel/framework/src/Illuminate/View/FileViewFinder.php:137
Stack trace:
#0 /var/www/gitrepo/seathero_newui/vendor/laravel/framework/src/Illuminate/View/FileViewFinder.php(79): Illuminate\View\FileViewFinder->findInPaths('errors.500', Array)
#1 /var/www/gitrepo/seathero_newui/vendor/laravel/framework/src/Illuminate/View/Factory.php(151): Illuminate\View\FileViewFinder->find('errors.500')
#2 /var/www/gitrepo/seathero_newui/vendor/laravel/framework/src/Illuminate/Routing/ResponseFactory.php(71): Illuminate\View\Factory->make('errors.500', Array)
#3 /var/www/gitrepo/seathero_newui/app/Exceptions/Handler.php(79): Illuminate\Routing\ResponseFactory->view('errors.500', Array, 500)
#4 /var/www/gitrepo/seathero_newui/vendor/laravel/framework/src/Illuminate/Routing/Pipeline.php(80): App\Exceptions\Handler->render(Object(Illuminate\Http\Request), Object(InvalidArgumentException))
#5 /var/www/gitrepo/seathero_newui/vendor/laravel/framework/src/Illuminate/Routing/Pipeline.php(34): Illuminate\Routing\Pipeline->handleException(Object(Illuminate\Http\Request), Object(InvalidArgumentException))
#6 [internal function]: Illuminate\Routing\Pipeline->Illuminate\Routing\{closure}(Object(Illuminate\Http\Request))
#7 /var/www/gitrepo/seathero_newui/vendor/laravel/framework/src/Illuminate/Pipeline/Pipeline.php(103): call_user_func(Object(Closure), Object(Illuminate\Http\Request))
#8 /var/www/gitrepo/seathero_newui/vendor/laravel/framework/src/Illuminate/Routing/Router.php(705): Illuminate\Pipeline\Pipeline->then(Object(Closure))
#9 /var/www/gitrepo/seathero_newui/vendor/laravel/framework/src/Illuminate/Routing/Router.php(678): Illuminate\Routing\Router->runRouteWithinStack(Object(Illuminate\Routing\Route), Object(Illuminate\Http\Request))
#10 /var/www/gitrepo/seathero_newui/vendor/laravel/framework/src/Illuminate/Routing/Router.php(654): Illuminate\Routing\Router->dispatchToRoute(Object(Illuminate\Http\Request))
#11 /var/www/gitrepo/seathero_newui/vendor/laravel/framework/src/Illuminate/Foundation/Http/Kernel.php(246): Illuminate\Routing\Router->dispatch(Object(Illuminate\Http\Request))
#12 [internal function]: Illuminate\Foundation\Http\Kernel->Illuminate\Foundation\Http\{closure}(Object(Illuminate\Http\Request))
#13 /var/www/gitrepo/seathero_newui/vendor/laravel/framework/src/Illuminate/Routing/Pipeline.php(52): call_user_func(Object(Closure), Object(Illuminate\Http\Request))
#14 /var/www/gitrepo/seathero_newui/vendor/laravel/framework/src/Illuminate/Foundation/Http/Middleware/CheckForMaintenanceMode.php(44): Illuminate\Routing\Pipeline->Illuminate\Routing\{closure}(Object(Illuminate\Http\Request))
#15 [internal function]: Illuminate\Foundation\Http\Middleware\CheckForMaintenanceMode->handle(Object(Illuminate\Http\Request), Object(Closure))
#16 /var/www/gitrepo/seathero_newui/vendor/laravel/framework/src/Illuminate/Pipeline/Pipeline.php(124): call_user_func_array(Array, Array)
#17 [internal function]: Illuminate\Pipeline\Pipeline->Illuminate\Pipeline\{closure}(Object(Illuminate\Http\Request))
#18 /var/www/gitrepo/seathero_newui/vendor/laravel/framework/src/Illuminate/Routing/Pipeline.php(32): call_user_func(Object(Closure), Object(Illuminate\Http\Request))
#19 [internal function]: Illuminate\Routing\Pipeline->Illuminate\Routing\{closure}(Object(Illuminate\Http\Request))
#20 /var/www/gitrepo/seathero_newui/vendor/laravel/framework/src/Illuminate/Pipeline/Pipeline.php(103): call_user_func(Object(Closure), Object(Illuminate\Http\Request))
#21 /var/www/gitrepo/seathero_newui/vendor/laravel/framework/src/Illuminate/Foundation/Http/Kernel.php(132): Illuminate\Pipeline\Pipeline->then(Object(Closure))
#22 /var/www/gitrepo/seathero_newui/vendor/laravel/framework/src/Illuminate/Foundation/Http/Kernel.php(99): Illuminate\Foundation\Http\Kernel->sendRequestThroughRouter(Object(Illuminate\Http\Request))
#23 /var/www/gitrepo/seathero_newui/public/index.php(54): Illuminate\Foundation\Http\Kernel->handle(Object(Illuminate\Http\Request))
#24 {main}  
[2016-01-17 21:07:32] local.ERROR: exception 'InvalidArgumentException' with message 'View [errors.500] not found.' in /var/www/gitrepo/seathero_newui/vendor/laravel/framework/src/Illuminate/View/FileViewFinder.php:137
Stack trace:
#0 /var/www/gitrepo/seathero_newui/vendor/laravel/framework/src/Illuminate/View/FileViewFinder.php(79): Illuminate\View\FileViewFinder->findInPaths('errors.500', Array)
#1 /var/www/gitrepo/seathero_newui/vendor/laravel/framework/src/Illuminate/View/Factory.php(151): Illuminate\View\FileViewFinder->find('errors.500')
#2 /var/www/gitrepo/seathero_newui/vendor/laravel/framework/src/Illuminate/Routing/ResponseFactory.php(71): Illuminate\View\Factory->make('errors.500', Array)
#3 /var/www/gitrepo/seathero_newui/app/Exceptions/Handler.php(79): Illuminate\Routing\ResponseFactory->view('errors.500', Array, 500)
#4 /var/www/gitrepo/seathero_newui/vendor/laravel/framework/src/Illuminate/Routing/Pipeline.php(80): App\Exceptions\Handler->render(Object(Illuminate\Http\Request), Object(InvalidArgumentException))
#5 /var/www/gitrepo/seathero_newui/vendor/laravel/framework/src/Illuminate/Routing/Pipeline.php(54): Illuminate\Routing\Pipeline->handleException(Object(Illuminate\Http\Request), Object(InvalidArgumentException))
#6 /var/www/gitrepo/seathero_newui/vendor/laravel/framework/src/Illuminate/Foundation/Http/Middleware/CheckForMaintenanceMode.php(44): Illuminate\Routing\Pipeline->Illuminate\Routing\{closure}(Object(Illuminate\Http\Request))
#7 [internal function]: Illuminate\Foundation\Http\Middleware\CheckForMaintenanceMode->handle(Object(Illuminate\Http\Request), Object(Closure))
#8 /var/www/gitrepo/seathero_newui/vendor/laravel/framework/src/Illuminate/Pipeline/Pipeline.php(124): call_user_func_array(Array, Array)
#9 [internal function]: Illuminate\Pipeline\Pipeline->Illuminate\Pipeline\{closure}(Object(Illuminate\Http\Request))
#10 /var/www/gitrepo/seathero_newui/vendor/laravel/framework/src/Illuminate/Routing/Pipeline.php(32): call_user_func(Object(Closure), Object(Illuminate\Http\Request))
#11 [internal function]: Illuminate\Routing\Pipeline->Illuminate\Routing\{closure}(Object(Illuminate\Http\Request))
#12 /var/www/gitrepo/seathero_newui/vendor/laravel/framework/src/Illuminate/Pipeline/Pipeline.php(103): call_user_func(Object(Closure), Object(Illuminate\Http\Request))
#13 /var/www/gitrepo/seathero_newui/vendor/laravel/framework/src/Illuminate/Foundation/Http/Kernel.php(132): Illuminate\Pipeline\Pipeline->then(Object(Closure))
#14 /var/www/gitrepo/seathero_newui/vendor/laravel/framework/src/Illuminate/Foundation/Http/Kernel.php(99): Illuminate\Foundation\Http\Kernel->sendRequestThroughRouter(Object(Illuminate\Http\Request))
#15 /var/www/gitrepo/seathero_newui/public/index.php(54): Illuminate\Foundation\Http\Kernel->handle(Object(Illuminate\Http\Request))
#16 {main}  
[2016-01-17 21:07:32] local.ERROR: exception 'InvalidArgumentException' with message 'View [errors.500] not found.' in /var/www/gitrepo/seathero_newui/vendor/laravel/framework/src/Illuminate/View/FileViewFinder.php:137
Stack trace:
#0 /var/www/gitrepo/seathero_newui/vendor/laravel/framework/src/Illuminate/View/FileViewFinder.php(79): Illuminate\View\FileViewFinder->findInPaths('errors.500', Array)
#1 /var/www/gitrepo/seathero_newui/vendor/laravel/framework/src/Illuminate/View/Factory.php(151): Illuminate\View\FileViewFinder->find('errors.500')
#2 /var/www/gitrepo/seathero_newui/vendor/laravel/framework/src/Illuminate/Routing/ResponseFactory.php(71): Illuminate\View\Factory->make('errors.500', Array)
#3 /var/www/gitrepo/seathero_newui/app/Exceptions/Handler.php(79): Illuminate\Routing\ResponseFactory->view('errors.500', Array, 500)
#4 /var/www/gitrepo/seathero_newui/vendor/laravel/framework/src/Illuminate/Routing/Pipeline.php(80): App\Exceptions\Handler->render(Object(Illuminate\Http\Request), Object(InvalidArgumentException))
#5 /var/www/gitrepo/seathero_newui/vendor/laravel/framework/src/Illuminate/Routing/Pipeline.php(34): Illuminate\Routing\Pipeline->handleException(Object(Illuminate\Http\Request), Object(InvalidArgumentException))
#6 [internal function]: Illuminate\Routing\Pipeline->Illuminate\Routing\{closure}(Object(Illuminate\Http\Request))
#7 /var/www/gitrepo/seathero_newui/vendor/laravel/framework/src/Illuminate/Pipeline/Pipeline.php(103): call_user_func(Object(Closure), Object(Illuminate\Http\Request))
#8 /var/www/gitrepo/seathero_newui/vendor/laravel/framework/src/Illuminate/Foundation/Http/Kernel.php(132): Illuminate\Pipeline\Pipeline->then(Object(Closure))
#9 /var/www/gitrepo/seathero_newui/vendor/laravel/framework/src/Illuminate/Foundation/Http/Kernel.php(99): Illuminate\Foundation\Http\Kernel->sendRequestThroughRouter(Object(Illuminate\Http\Request))
#10 /var/www/gitrepo/seathero_newui/public/index.php(54): Illuminate\Foundation\Http\Kernel->handle(Object(Illuminate\Http\Request))
#11 {main}  
[2016-01-17 21:07:32] local.ERROR: exception 'InvalidArgumentException' with message 'View [errors.500] not found.' in /var/www/gitrepo/seathero_newui/vendor/laravel/framework/src/Illuminate/View/FileViewFinder.php:137
Stack trace:
#0 /var/www/gitrepo/seathero_newui/vendor/laravel/framework/src/Illuminate/View/FileViewFinder.php(79): Illuminate\View\FileViewFinder->findInPaths('errors.500', Array)
#1 /var/www/gitrepo/seathero_newui/vendor/laravel/framework/src/Illuminate/View/Factory.php(151): Illuminate\View\FileViewFinder->find('errors.500')
#2 /var/www/gitrepo/seathero_newui/vendor/laravel/framework/src/Illuminate/Routing/ResponseFactory.php(71): Illuminate\View\Factory->make('errors.500', Array)
#3 /var/www/gitrepo/seathero_newui/app/Exceptions/Handler.php(79): Illuminate\Routing\ResponseFactory->view('errors.500', Array, 500)
#4 /var/www/gitrepo/seathero_newui/vendor/laravel/framework/src/Illuminate/Foundation/Http/Kernel.php(291): App\Exceptions\Handler->render(Object(Illuminate\Http\Request), Object(InvalidArgumentException))
#5 /var/www/gitrepo/seathero_newui/vendor/laravel/framework/src/Illuminate/Foundation/Http/Kernel.php(103): Illuminate\Foundation\Http\Kernel->renderException(Object(Illuminate\Http\Request), Object(InvalidArgumentException))
#6 /var/www/gitrepo/seathero_newui/public/index.php(54): Illuminate\Foundation\Http\Kernel->handle(Object(Illuminate\Http\Request))
#7 {main}  
[2016-01-17 21:07:32] local.ERROR: exception 'Symfony\Component\Debug\Exception\FatalErrorException' with message 'Uncaught exception 'InvalidArgumentException' with message 'View [errors.500] not found.' in /var/www/gitrepo/seathero_newui/vendor/laravel/framework/src/Illuminate/View/FileViewFinder.php:137
Stack trace:
#0 /var/www/gitrepo/seathero_newui/vendor/laravel/framework/src/Illuminate/View/FileViewFinder.php(79): Illuminate\View\FileViewFinder->findInPaths('errors.500', Array)
#1 /var/www/gitrepo/seathero_newui/vendor/laravel/framework/src/Illuminate/View/Factory.php(151): Illuminate\View\FileViewFinder->find('errors.500')
#2 /var/www/gitrepo/seathero_newui/vendor/laravel/framework/src/Illuminate/Routing/ResponseFactory.php(71): Illuminate\View\Factory->make('errors.500', Array)
#3 /var/www/gitrepo/seathero_newui/app/Exceptions/Handler.php(79): Illuminate\Routing\ResponseFactory->view('errors.500', Array, 500)
#4 /var/www/gitrepo/seathero_newui/vendor/laravel/framework/src/Illuminate/Foundation/Bootstrap/HandleExceptions.php(107): App\Exceptions\Handler->render(Object(Illuminate\Http\Request), Object(InvalidArgume' in /var/www/gitrepo/seathero_newui/vendor/laravel/framework/src/Illuminate/View/FileViewFinder.php:137
Stack trace:
#0 {main}  
[2016-01-17 21:27:14] local.ERROR: exception 'Symfony\Component\Debug\Exception\FatalErrorException' with message 'Call to a member function set() on null' in /var/www/gitrepo/seathero_newui/vendor/laravel/socialite/src/Two/AbstractProvider.php:134
Stack trace:
#0 {main}  
